0 info it worked if it ends with ok
1 verbose cli [ '/usr/local/bin/node', '/usr/local/bin/npm', 'run', 'watch' ]
2 info using npm@3.8.3
3 info using node@v5.10.1
4 verbose run-script [ 'prewatch', 'watch', 'postwatch' ]
5 info lifecycle dinowolf-webapp@0.0.1-SNAPSHOT~prewatch: dinowolf-webapp@0.0.1-SNAPSHOT
6 silly lifecycle dinowolf-webapp@0.0.1-SNAPSHOT~prewatch: no script for prewatch, continuing
7 info lifecycle dinowolf-webapp@0.0.1-SNAPSHOT~watch: dinowolf-webapp@0.0.1-SNAPSHOT
8 verbose lifecycle dinowolf-webapp@0.0.1-SNAPSHOT~watch: unsafe-perm in lifecycle true
9 verbose lifecycle dinowolf-webapp@0.0.1-SNAPSHOT~watch: PATH: /usr/local/lib/node_modules/npm/bin/node-gyp-bin:/Users/ed4565/Development/dinowolf/server/ui-src/node_modules/.bin:/usr/local/bin:/Library/Frameworks/Python.framework/Versions/3.4/bin:/opt/local/bin:/opt/local/sbin:/usr/local/bin:/usr/bin:/bin:/usr/sbin:/sbin:/usr/texbin
10 verbose lifecycle dinowolf-webapp@0.0.1-SNAPSHOT~watch: CWD: /Users/ed4565/Development/dinowolf/server/ui-src
11 silly lifecycle dinowolf-webapp@0.0.1-SNAPSHOT~watch: Args: [ '-c', 'tsc && concurrently "npm run tsc:w"' ]
12 silly lifecycle dinowolf-webapp@0.0.1-SNAPSHOT~watch: Returned: code: 2  signal: null
13 info lifecycle dinowolf-webapp@0.0.1-SNAPSHOT~watch: Failed to exec watch script
14 verbose stack Error: dinowolf-webapp@0.0.1-SNAPSHOT watch: `tsc && concurrently "npm run tsc:w"`
14 verbose stack Exit status 2
14 verbose stack     at EventEmitter.<anonymous> (/usr/local/lib/node_modules/npm/lib/utils/lifecycle.js:239:16)
14 verbose stack     at emitTwo (events.js:100:13)
14 verbose stack     at EventEmitter.emit (events.js:185:7)
14 verbose stack     at ChildProcess.<anonymous> (/usr/local/lib/node_modules/npm/lib/utils/spawn.js:24:14)
14 verbose stack     at emitTwo (events.js:100:13)
14 verbose stack     at ChildProcess.emit (events.js:185:7)
14 verbose stack     at maybeClose (internal/child_process.js:850:16)
14 verbose stack     at Process.ChildProcess._handle.onexit (internal/child_process.js:215:5)
15 verbose pkgid dinowolf-webapp@0.0.1-SNAPSHOT
16 verbose cwd /Users/ed4565/Development/dinowolf/server/ui-src
17 error Darwin 14.5.0
18 error argv "/usr/local/bin/node" "/usr/local/bin/npm" "run" "watch"
19 error node v5.10.1
20 error npm  v3.8.3
21 error code ELIFECYCLE
22 error dinowolf-webapp@0.0.1-SNAPSHOT watch: `tsc && concurrently "npm run tsc:w"`
22 error Exit status 2
23 error Failed at the dinowolf-webapp@0.0.1-SNAPSHOT watch script 'tsc && concurrently "npm run tsc:w"'.
23 error Make sure you have the latest version of node.js and npm installed.
23 error If you do, this is most likely a problem with the dinowolf-webapp package,
23 error not with npm itself.
23 error Tell the author that this fails on your system:
23 error     tsc && concurrently "npm run tsc:w"
23 error You can get information on how to open an issue for this project with:
23 error     npm bugs dinowolf-webapp
23 error Or if that isn't available, you can get their info via:
23 error     npm owner ls dinowolf-webapp
23 error There is likely additional logging output above.
24 verbose exit [ 1, true ]
